<?xml version="1.0" encoding="UTF-8"?>
<robot generator="Robot 5.0.1 (Python 3.10.4 on win32)" generated="20220526 17:19:59.171" rpa="false" schemaversion="3">
<suite id="s1" name="Case3" source="C:\Users\vbruzda\Desktop\projektai\TestCases\case3.robot">
<test id="s1-t1" name="Test Case in BDD Format" line="8">
<kw name="Given Start Browser and Maximize" library="resource1">
<kw name="Open Browser" library="SeleniumLibrary">
<arg>http://www.thetestingworld.com/testings</arg>
<arg>Chrome</arg>
<doc>Opens a new browser instance to the optional ``url``.</doc>
<msg timestamp="20220526 17:19:59.360" level="INFO">Opening browser 'Chrome' to base url 'http://www.thetestingworld.com/testings'.</msg>
<msg timestamp="20220526 17:20:30.343" level="WARN">Keyword 'Capture Page Screenshot' could not be run on failure: Message: chrome not reachable
  (Session info: chrome=101.0.4951.67)
Stacktrace:
Backtrace:
	Ordinal0 [0x007DB8F3+2406643]
	Ordinal0 [0x0076AF31+1945393]
	Ordinal0 [0x0065C610+837136]
	Ordinal0 [0x00650442+787522]
	Ordinal0 [0x00650C78+789624]
	Ordinal0 [0x006524B2+795826]
	Ordinal0 [0x0064BF09+769801]
	Ordinal0 [0x0065DAC0+842432]
	Ordinal0 [0x006B3E62+1195618]
	Ordinal0 [0x006A4096+1130646]
	Ordinal0 [0x0067E636+976438]
	Ordinal0 [0x0067F546+980294]
	GetHandleVerifier [0x00A49612+2498066]
	GetHandleVerifier [0x00A3C920+2445600]
	GetHandleVerifier [0x00874F2A+579370]
	GetHandleVerifier [0x00873D36+574774]
	Ordinal0 [0x00771C0B+1973259]
	Ordinal0 [0x00776688+1992328]
	Ordinal0 [0x00776775+1992565]
	Ordinal0 [0x0077F8D1+2029777]
	BaseThreadInitThunk [0x7729FA29+25]
	RtlGetAppContainerNamedObjectPath [0x77D57A7E+286]
	RtlGetAppContainerNamedObjectPath [0x77D57A4E+238]
</msg>
<msg timestamp="20220526 17:20:30.345" level="FAIL">WebDriverException: Message: unknown error: cannot determine loading status
from disconnected: received Inspector.detached event
  (Session info: chrome=101.0.4951.67)
Stacktrace:
Backtrace:
	Ordinal0 [0x007DB8F3+2406643]
	Ordinal0 [0x0076AF31+1945393]
	Ordinal0 [0x0065C748+837448]
	Ordinal0 [0x0064E6BE+779966]
	Ordinal0 [0x0064E2AF+778927]
	Ordinal0 [0x0064D8A6+776358]
	Ordinal0 [0x0064C7C5+772037]
	Ordinal0 [0x0064CDC8+773576]
	Ordinal0 [0x00658BE0+822240]
	Ordinal0 [0x0064E0BD+778429]
	Ordinal0 [0x0064EC9A+781466]
	Ordinal0 [0x0064E2CA+778954]
	Ordinal0 [0x0064D8A6+776358]
	Ordinal0 [0x0064C7C5+772037]
	Ordinal0 [0x0064CC9D+773277]
	Ordinal0 [0x0065DF4A+843594]
	Ordinal0 [0x006B4D3D+1199421]
	Ordinal0 [0x006A427C+1131132]
	Ordinal0 [0x006B4682+1197698]
	Ordinal0 [0x006A4096+1130646]
	Ordinal0 [0x0067E636+976438]
	Ordinal0 [0x0067F546+980294]
	GetHandleVerifier [0x00A49612+2498066]
	GetHandleVerifier [0x00A3C920+2445600]
	GetHandleVerifier [0x00874F2A+579370]
	GetHandleVerifier [0x00873D36+574774]
	Ordinal0 [0x00771C0B+1973259]
	Ordinal0 [0x00776688+1992328]
	Ordinal0 [0x00776775+1992565]
	Ordinal0 [0x0077F8D1+2029777]
	BaseThreadInitThunk [0x7729FA29+25]
	RtlGetAppContainerNamedObjectPath [0x77D57A7E+286]
	RtlGetAppContainerNamedObjectPath [0x77D57A4E+238]
</msg>
<status status="FAIL" starttime="20220526 17:19:59.360" endtime="20220526 17:20:30.347"/>
</kw>
<kw name="Maximize Browser Window" library="SeleniumLibrary">
<doc>Maximizes current browser window.</doc>
<status status="NOT RUN" starttime="20220526 17:20:30.348" endtime="20220526 17:20:30.348"/>
</kw>
<status status="FAIL" starttime="20220526 17:19:59.359" endtime="20220526 17:20:30.348"/>
</kw>
<kw name="When Create Folder at Runtime" library="resource1">
<status status="NOT RUN" starttime="20220526 17:20:30.349" endtime="20220526 17:20:30.349"/>
</kw>
<kw name="Then Close Browser Window" library="resource1">
<status status="NOT RUN" starttime="20220526 17:20:30.349" endtime="20220526 17:20:30.349"/>
</kw>
<status status="FAIL" starttime="20220526 17:19:59.358" endtime="20220526 17:20:30.350">WebDriverException: Message: unknown error: cannot determine loading status
from disconnected: received Inspector.detached event
  (Session info: chrome=101.0.4951.67)
Stacktrace:
Backtrace:
	Ordinal0 [0x007DB8F3+2406643]
	Ordinal0 [0x0076AF31+1945393]
	Ordinal0 [0x0065C748+837448]
	Ordinal0 [0x0064E6BE+779966]
	Ordinal0 [0x0064E2AF+778927]
	Ordinal0 [0x0064D8A6+776358]
	Ordinal0 [0x0064C7C5+772037]
	Ordinal0 [0x0064CDC8+773576]
	Ordinal0 [0x00658BE0+822240]
	Ordinal0 [0x0064E0BD+778429]
	Ordinal0 [0x0064EC9A+781466]
	Ordinal0 [0x0064E2CA+778954]
	Ordinal0 [0x0064D8A6+776358]
	Ordinal0 [0x0064C7C5+772037]
	Ordinal0 [0x0064CC9D+773277]
	Ordinal0 [0x0065DF4A+843594]
	Ordinal0 [0x006B4D3D+1199421]
	Ordinal0 [0x006A427C+1131132]
	Ordinal0 [0x006B4682+1197698]
	Ordinal0 [0x006A4096+1130646]
	Ordinal0 [0x0067E636+976438]
	Ordinal0 [0x0067F546+980294]
	GetHandleVerifier [0x00A49612+2498066]
	GetHandleVerifier [0x00A3C920+2445600]
	GetHandleVerifier [0x00874F2A+579370]
	GetHandleVerifier [0x00873D36+574774]
	Ordinal0 [0x00771C0B+1973259]
	Ordinal0 [0x00776688+1992328]
	Ordinal0 [0x00776775+1992565]
	Ordinal0 [0x0077F8D1+2029777]
	BaseThreadInitThunk [0x7729FA29+25]
	RtlGetAppContainerNamedObjectPath [0x77D57A7E+286]
	RtlGetAppContainerNamedObjectPath [0x77D57A4E+238]
</status>
</test>
<status status="FAIL" starttime="20220526 17:19:59.172" endtime="20220526 17:20:30.353"/>
</suite>
<statistics>
<total>
<stat pass="0" fail="1" skip="0">All Tests</stat>
</total>
<tag>
</tag>
<suite>
<stat pass="0" fail="1" skip="0" id="s1" name="Case3">Case3</stat>
</suite>
</statistics>
<errors>
<msg timestamp="20220526 17:20:30.343" level="WARN">Keyword 'Capture Page Screenshot' could not be run on failure: Message: chrome not reachable
  (Session info: chrome=101.0.4951.67)
Stacktrace:
Backtrace:
	Ordinal0 [0x007DB8F3+2406643]
	Ordinal0 [0x0076AF31+1945393]
	Ordinal0 [0x0065C610+837136]
	Ordinal0 [0x00650442+787522]
	Ordinal0 [0x00650C78+789624]
	Ordinal0 [0x006524B2+795826]
	Ordinal0 [0x0064BF09+769801]
	Ordinal0 [0x0065DAC0+842432]
	Ordinal0 [0x006B3E62+1195618]
	Ordinal0 [0x006A4096+1130646]
	Ordinal0 [0x0067E636+976438]
	Ordinal0 [0x0067F546+980294]
	GetHandleVerifier [0x00A49612+2498066]
	GetHandleVerifier [0x00A3C920+2445600]
	GetHandleVerifier [0x00874F2A+579370]
	GetHandleVerifier [0x00873D36+574774]
	Ordinal0 [0x00771C0B+1973259]
	Ordinal0 [0x00776688+1992328]
	Ordinal0 [0x00776775+1992565]
	Ordinal0 [0x0077F8D1+2029777]
	BaseThreadInitThunk [0x7729FA29+25]
	RtlGetAppContainerNamedObjectPath [0x77D57A7E+286]
	RtlGetAppContainerNamedObjectPath [0x77D57A4E+238]
</msg>
</errors>
</robot>
